;  LST file generated by mikroListExporter - v.2.0 
; Date/Time: 3/9/2023 11:46:10 AM
;----------------------------------------------

;Address Opcode 	ASM
0x0000	0x285A      	GOTO       90
_interrupt:
0x0004	0x00FF      	MOVWF      R15
0x0005	0x0E03      	SWAPF      STATUS, 0
0x0006	0x0183      	CLRF       STATUS
0x0007	0x00A4      	MOVWF      ___saveSTATUS
0x0008	0x080A      	MOVF       PCLATH, 0
0x0009	0x00A5      	MOVWF      ___savePCLATH
0x000A	0x018A      	CLRF       PCLATH
;Lab6Compiler.c,2 :: 		void interrupt () {
;Lab6Compiler.c,3 :: 		INTCON.f7 = 0;          // Disable global interrupt
0x000B	0x138B      	BCF        INTCON, 7
;Lab6Compiler.c,6 :: 		if(INTCON.f1 == 1) {
0x000C	0x1C8B      	BTFSS      INTCON, 1
0x000D	0x2820      	GOTO       L_interrupt0
;Lab6Compiler.c,7 :: 		PORTC.f0 = 0;       //LED1 off
0x000E	0x1007      	BCF        PORTC, 0
;Lab6Compiler.c,8 :: 		PORTC.f1 = 1;       //LED2 on
0x000F	0x1487      	BSF        PORTC, 1
;Lab6Compiler.c,9 :: 		delay_ms(1000);
0x0010	0x301A      	MOVLW      26
0x0011	0x00FB      	MOVWF      R11
0x0012	0x305E      	MOVLW      94
0x0013	0x00FC      	MOVWF      R12
0x0014	0x306E      	MOVLW      110
0x0015	0x00FD      	MOVWF      R13
L_interrupt1:
0x0016	0x0BFD      	DECFSZ     R13, 1
0x0017	0x2816      	GOTO       L_interrupt1
0x0018	0x0BFC      	DECFSZ     R12, 1
0x0019	0x2816      	GOTO       L_interrupt1
0x001A	0x0BFB      	DECFSZ     R11, 1
0x001B	0x2816      	GOTO       L_interrupt1
0x001C	0x0000      	NOP
;Lab6Compiler.c,10 :: 		PORTC.f1 = 0;       //LED2 off
0x001D	0x1087      	BCF        PORTC, 1
;Lab6Compiler.c,11 :: 		INTCON.f1 = 0;
0x001E	0x108B      	BCF        INTCON, 1
;Lab6Compiler.c,12 :: 		}
0x001F	0x2833      	GOTO       L_interrupt2
L_interrupt0:
;Lab6Compiler.c,15 :: 		else if(INTCON.f2 == 1) {
0x0020	0x1D0B      	BTFSS      INTCON, 2
0x0021	0x2833      	GOTO       L_interrupt3
;Lab6Compiler.c,17 :: 		if(counter == 10) {
0x0022	0x3000      	MOVLW      0
0x0023	0x0621      	XORWF      _counter+1, 0
0x0024	0x1D03      	BTFSS      STATUS, 2
0x0025	0x2828      	GOTO       L__interrupt8
0x0026	0x300A      	MOVLW      10
0x0027	0x0620      	XORWF      _counter, 0
L__interrupt8:
0x0028	0x1D03      	BTFSS      STATUS, 2
0x0029	0x282F      	GOTO       L_interrupt4
;Lab6Compiler.c,18 :: 		PORTC.f0 = ~PORTC.f0;
0x002A	0x3001      	MOVLW      1
0x002B	0x0687      	XORWF      PORTC, 1
;Lab6Compiler.c,19 :: 		counter = 0;
0x002C	0x01A0      	CLRF       _counter
0x002D	0x01A1      	CLRF       _counter+1
;Lab6Compiler.c,20 :: 		}
0x002E	0x2832      	GOTO       L_interrupt5
L_interrupt4:
;Lab6Compiler.c,23 :: 		counter++;
0x002F	0x0AA0      	INCF       _counter, 1
0x0030	0x1903      	BTFSC      STATUS, 2
0x0031	0x0AA1      	INCF       _counter+1, 1
;Lab6Compiler.c,24 :: 		}
L_interrupt5:
;Lab6Compiler.c,26 :: 		INTCON.f2 = 0;      // Clear TMR0 overflow flag
0x0032	0x110B      	BCF        INTCON, 2
;Lab6Compiler.c,27 :: 		}
L_interrupt3:
L_interrupt2:
;Lab6Compiler.c,29 :: 		INTCON.f7 = 1;          // Enable global interrupt
0x0033	0x178B      	BSF        INTCON, 7
;Lab6Compiler.c,30 :: 		}
L_end_interrupt:
L__interrupt7:
0x0034	0x0825      	MOVF       ___savePCLATH, 0
0x0035	0x008A      	MOVWF      PCLATH
0x0036	0x0E24      	SWAPF      ___saveSTATUS, 0
0x0037	0x0083      	MOVWF      STATUS
0x0038	0x0EFF      	SWAPF      R15, 1
0x0039	0x0E7F      	SWAPF      R15, 0
0x003A	0x0009      	RETFIE
; end of _interrupt
_____DoICP:
;__Lib_System.c,6 :: 		
;__Lib_System.c,9 :: 		
0x003B	0x1283      	BCF        STATUS, 5
0x003C	0x1303      	BCF        STATUS, 6
0x003D	0x0823      	MOVF       ___DoICPAddr+1, 0
0x003E	0x008A      	MOVWF      PCLATH
;__Lib_System.c,10 :: 		
0x003F	0x0822      	MOVF       ___DoICPAddr, 0
0x0040	0x0082      	MOVWF      PCL
;__Lib_System.c,12 :: 		
L_end_____DoICP:
0x0041	0x0008      	RETURN
; end of _____DoICP
___CC2DW:
;__Lib_System.c,134 :: 		
;__Lib_System.c,137 :: 		
_CC2D_Loop1:
;__Lib_System.c,139 :: 		
0x0042	0x203B      	CALL       _____DoICP
0x0043	0x118A      	BCF        PCLATH, 3
0x0044	0x120A      	BCF        PCLATH, 4
;__Lib_System.c,141 :: 		
0x0045	0x0080      	MOVWF      INDF
;__Lib_System.c,142 :: 		
0x0046	0x0A84      	INCF       FSR, 1
;__Lib_System.c,143 :: 		
0x0047	0x0AA2      	INCF       ___DoICPAddr, 1
;__Lib_System.c,145 :: 		
0x0048	0x1903      	BTFSC      STATUS, 2
;__Lib_System.c,146 :: 		
0x0049	0x0AA3      	INCF       ___DoICPAddr+1, 1
;__Lib_System.c,147 :: 		
0x004A	0x03F0      	DECF       R0, 1
;__Lib_System.c,149 :: 		
0x004B	0x1D03      	BTFSS      STATUS, 2
;__Lib_System.c,150 :: 		
0x004C	0x2842      	GOTO       _CC2D_Loop1
;__Lib_System.c,152 :: 		
L_end___CC2DW:
0x004D	0x0008      	RETURN
; end of ___CC2DW
_init:
;Lab6Compiler.c,32 :: 		void init() {
;Lab6Compiler.c,33 :: 		INTCON.f7 = 1;          // Enable global interrupt
0x004E	0x178B      	BSF        INTCON, 7
;Lab6Compiler.c,34 :: 		INTCON.f6 = 1;          // Enable peripheral interrupt
0x004F	0x170B      	BSF        INTCON, 6
;Lab6Compiler.c,35 :: 		INTCON.f5 = 1;          // Enable TMR0 overflow interrupt
0x0050	0x168B      	BSF        INTCON, 5
;Lab6Compiler.c,36 :: 		INTCON.f4 = 1;          // Enable RB port change interrupt
0x0051	0x160B      	BSF        INTCON, 4
;Lab6Compiler.c,37 :: 		OPTION_REG.f5 = 0;      // Internal clock for TMR0
0x0052	0x1683      	BSF        STATUS, 5
0x0053	0x1303      	BCF        STATUS, 6
0x0054	0x1281      	BCF        OPTION_REG, 5
;Lab6Compiler.c,38 :: 		OPTION_REG.f3 = 0;      // Prescaler assigned to TMR0
0x0055	0x1181      	BCF        OPTION_REG, 3
;Lab6Compiler.c,39 :: 		OPTION_REG.f2 = 1;      // Prescaler 1:256
0x0056	0x1501      	BSF        OPTION_REG, 2
;Lab6Compiler.c,40 :: 		OPTION_REG.f1 = 1;      // Prescaler 1:256
0x0057	0x1481      	BSF        OPTION_REG, 1
;Lab6Compiler.c,41 :: 		OPTION_REG.f0 = 1;      // Prescaler 1:256
0x0058	0x1401      	BSF        OPTION_REG, 0
;Lab6Compiler.c,42 :: 		}
L_end_init:
0x0059	0x0008      	RETURN
; end of _init
_main:
0x005A	0x1283      	BCF        STATUS, 5
0x005B	0x1303      	BCF        STATUS, 6
0x005C	0x01A0      	CLRF       _counter
0x005D	0x01A1      	CLRF       33
;Lab6Compiler.c,44 :: 		void main() {
;Lab6Compiler.c,45 :: 		init();
0x005E	0x204E      	CALL       _init
;Lab6Compiler.c,46 :: 		TRISC = 0x00;           // PORTC as output
0x005F	0x0187      	CLRF       TRISC
;Lab6Compiler.c,47 :: 		PORTC = 0x00;
0x0060	0x1283      	BCF        STATUS, 5
0x0061	0x0187      	CLRF       PORTC
;Lab6Compiler.c,48 :: 		}
L_end_main:
0x0062	0x2862      	GOTO       $+0
; end of _main
Symbol List:
//** Routines locations **
//ADDRESS    SIZE    PROCEDURE
//----------------------------------------------
0x0004      [55]    _interrupt
0x003B       [7]    _____DoICP
0x0042      [12]    ___CC2DW
0x004E      [12]    _init
0x005A       [9]    _main
//** Variables locations ** 
//ADDRESS    SIZE    VARIABLE
//----------------------------------------------
0x0000       [1]    INDF
0x0002       [1]    PCL
0x0003       [1]    STATUS
0x0004       [1]    FSR
0x0007       [1]    PORTC
0x000A       [1]    PCLATH
0x000B       [1]    INTCON
0x0020       [2]    _counter
0x0022       [2]    ___DoICPAddr
0x0024       [1]    ___saveSTATUS
0x0025       [1]    ___savePCLATH
0x0070       [1]    R0
0x0071       [1]    R1
0x0072       [1]    R2
0x0073       [1]    R3
0x0074       [1]    R4
0x0075       [1]    R5
0x0076       [1]    R6
0x0077       [1]    R7
0x0078       [1]    R8
0x0079       [1]    R9
0x007A       [1]    R10
0x007B       [1]    R11
0x007C       [1]    R12
0x007D       [1]    R13
0x007E       [1]    R14
0x007F       [1]    R15
0x0081       [1]    OPTION_REG
0x0087       [1]    TRISC
